# JRE version: Java(TM) SE Runtime Environment (17.0.8+9) (build 17.0.8+9-LTS-211)
# Java VM: Java HotSpot(TM) 64-Bit Server VM (17.0.8+9-LTS-211, mixed mode, sharing, tiered, compressed oops, compressed class ptrs, g1 gc, windows-amd64)
GC Precious Log:
 CPUs: 4 total, 4 available
 Memory: 3895M
 Large Page Support: Disabled
 NUMA Support: Disabled
 Compressed Oops: Enabled (32-bit)
 Heap Region Size: 1M
 Heap Min Capacity: 8M
 Heap Initial Capacity: 62M
 Heap Max Capacity: 974M
 Pre-touch: Disabled
 Parallel Workers: 4
 Concurrent Workers: 1
 Concurrent Refinement Workers: 4
 Periodic GC: Disabled
Heap:
 garbage-first heap   total 105472K, used 62364K [0x00000000c3200000, 0x0000000100000000)
  region size 1024K, 43 young (44032K), 2 survivors (2048K)
 Metaspace       used 32139K, committed 32576K, reserved 1114112K
  class space    used 4223K, committed 4480K, reserved 1048576K
GC Heap History (20 events):
Event: 3.175 GC heap before
{Heap before GC invocations=3 (full 0):
 garbage-first heap   total 63488K, used 34331K [0x00000000c3200000, 0x0000000100000000)
  region size 1024K, 24 young (24576K), 2 survivors (2048K)
 Metaspace       used 12334K, committed 12544K, reserved 1114112K
  class space    used 1473K, committed 1600K, reserved 1048576K
}
Event: 3.183 GC heap after
{Heap after GC invocations=4 (full 0):
 garbage-first heap   total 63488K, used 13401K [0x00000000c3200000, 0x0000000100000000)
  region size 1024K, 3 young (3072K), 3 survivors (3072K)
 Metaspace       used 12334K, committed 12544K, reserved 1114112K
  class space    used 1473K, committed 1600K, reserved 1048576K
}
Event: 3.765 GC heap before
{Heap before GC invocations=4 (full 0):
 garbage-first heap   total 63488K, used 36953K [0x00000000c3200000, 0x0000000100000000)
  region size 1024K, 27 young (27648K), 3 survivors (3072K)
 Metaspace       used 16240K, committed 16512K, reserved 1114112K
  class space    used 2041K, committed 2176K, reserved 1048576K
}
Event: 3.771 GC heap after
{Heap after GC invocations=5 (full 0):
 garbage-first heap   total 63488K, used 14411K [0x00000000c3200000, 0x0000000100000000)
  region size 1024K, 3 young (3072K), 3 survivors (3072K)
 Metaspace       used 16240K, committed 16512K, reserved 1114112K
  class space    used 2041K, committed 2176K, reserved 1048576K
}
Event: 5.154 GC heap before
{Heap before GC invocations=5 (full 0):
 garbage-first heap   total 63488K, used 27723K [0x00000000c3200000, 0x0000000100000000)
  region size 1024K, 17 young (17408K), 3 survivors (3072K)
 Metaspace       used 21252K, committed 21504K, reserved 1114112K
  class space    used 2677K, committed 2816K, reserved 1048576K
}
Event: 5.161 GC heap after
{Heap after GC invocations=6 (full 0):
 garbage-first heap   total 63488K, used 16178K [0x00000000c3200000, 0x0000000100000000)
  region size 1024K, 3 young (3072K), 3 survivors (3072K)
 Metaspace       used 21252K, committed 21504K, reserved 1114112K
  class space    used 2677K, committed 2816K, reserved 1048576K
}
Event: 9.783 GC heap before
{Heap before GC invocations=7 (full 0):
 garbage-first heap   total 61440K, used 42802K [0x00000000c3200000, 0x0000000100000000)
  region size 1024K, 30 young (30720K), 3 survivors (3072K)
 Metaspace       used 26776K, committed 27136K, reserved 1114112K
  class space    used 3606K, committed 3776K, reserved 1048576K
}
Event: 9.789 GC heap after
{Heap after GC invocations=8 (full 0):
 garbage-first heap   total 61440K, used 17852K [0x00000000c3200000, 0x0000000100000000)
  region size 1024K, 4 young (4096K), 4 survivors (4096K)
 Metaspace       used 26776K, committed 27136K, reserved 1114112K
  class space    used 3606K, committed 3776K, reserved 1048576K
}
Event: 17.897 GC heap before
{Heap before GC invocations=8 (full 0):
 garbage-first heap   total 61440K, used 50620K [0x00000000c3200000, 0x0000000100000000)
  region size 1024K, 26 young (26624K), 4 survivors (4096K)
 Metaspace       used 29474K, committed 29888K, reserved 1114112K
  class space    used 3986K, committed 4160K, reserved 1048576K
}
Event: 17.915 GC heap after
{Heap after GC invocations=9 (full 0):
 garbage-first heap   total 61440K, used 21291K [0x00000000c3200000, 0x0000000100000000)
  region size 1024K, 3 young (3072K), 3 survivors (3072K)
 Metaspace       used 29474K, committed 29888K, reserved 1114112K
  class space    used 3986K, committed 4160K, reserved 1048576K
}
Event: 18.541 GC heap before
{Heap before GC invocations=9 (full 0):
 garbage-first heap   total 61440K, used 32555K [0x00000000c3200000, 0x0000000100000000)
  region size 1024K, 8 young (8192K), 3 survivors (3072K)
 Metaspace       used 29594K, committed 29952K, reserved 1114112K
  class space    used 3994K, committed 4160K, reserved 1048576K
}
Event: 18.567 GC heap after
{Heap after GC invocations=10 (full 0):
 garbage-first heap   total 61440K, used 19923K [0x00000000c3200000, 0x0000000100000000)
  region size 1024K, 3 young (3072K), 3 survivors (3072K)
 Metaspace       used 29594K, committed 29952K, reserved 1114112K
  class space    used 3994K, committed 4160K, reserved 1048576K
}
Event: 18.585 GC heap before
{Heap before GC invocations=10 (full 0):
 garbage-first heap   total 61440K, used 28115K [0x00000000c3200000, 0x0000000100000000)
  region size 1024K, 4 young (4096K), 3 survivors (3072K)
 Metaspace       used 29594K, committed 29952K, reserved 1114112K
  class space    used 3994K, committed 4160K, reserved 1048576K
}
Event: 18.590 GC heap after
{Heap after GC invocations=11 (full 0):
 garbage-first heap   total 61440K, used 20261K [0x00000000c3200000, 0x0000000100000000)
  region size 1024K, 1 young (1024K), 1 survivors (1024K)
 Metaspace       used 29594K, committed 29952K, reserved 1114112K
  class space    used 3994K, committed 4160K, reserved 1048576K
}
Event: 19.214 GC heap before
{Heap before GC invocations=11 (full 0):
 garbage-first heap   total 61440K, used 30501K [0x00000000c3200000, 0x0000000100000000)
  region size 1024K, 6 young (6144K), 1 survivors (1024K)
 Metaspace       used 29790K, committed 30144K, reserved 1114112K
  class space    used 4013K, committed 4160K, reserved 1048576K
}
Event: 19.217 GC heap after
{Heap after GC invocations=12 (full 0):
 garbage-first heap   total 105472K, used 21517K [0x00000000c3200000, 0x0000000100000000)
  region size 1024K, 1 young (1024K), 1 survivors (1024K)
 Metaspace       used 29790K, committed 30144K, reserved 1114112K
  class space    used 4013K, committed 4160K, reserved 1048576K
}
Event: 30.999 GC heap before
{Heap before GC invocations=12 (full 0):
 garbage-first heap   total 105472K, used 88077K [0x00000000c3200000, 0x0000000100000000)
  region size 1024K, 61 young (62464K), 1 survivors (1024K)
 Metaspace       used 31318K, committed 31744K, reserved 1114112K
  class space    used 4173K, committed 4416K, reserved 1048576K
}
Event: 31.018 GC heap after
{Heap after GC invocations=13 (full 0):
 garbage-first heap   total 105472K, used 19558K [0x00000000c3200000, 0x0000000100000000)
  region size 1024K, 1 young (1024K), 1 survivors (1024K)
 Metaspace       used 31318K, committed 31744K, reserved 1114112K
  class space    used 4173K, committed 4416K, reserved 1048576K
}
Event: 39.378 GC heap before
{Heap before GC invocations=13 (full 0):
 garbage-first heap   total 105472K, used 79974K [0x00000000c3200000, 0x0000000100000000)
  region size 1024K, 61 young (62464K), 1 survivors (1024K)
 Metaspace       used 31978K, committed 32448K, reserved 1114112K
  class space    used 4221K, committed 4480K, reserved 1048576K
}
Event: 39.383 GC heap after
{Heap after GC invocations=14 (full 0):
 garbage-first heap   total 105472K, used 20380K [0x00000000c3200000, 0x0000000100000000)
  region size 1024K, 2 young (2048K), 2 survivors (2048K)
 Metaspace       used 31978K, committed 32448K, reserved 1114112K
  class space    used 4221K, committed 4480K, reserved 1048576K
}

