<?xml version="1.0" encoding="UTF-8" standalone="no"?><testsuite errors="1" failures="0" name="Selección de Producto" skipped="0" tests="1" time="0.11" timestamp="2024-05-17 06:36:10"><testcase name="Seleccion de Tenis para Mujer"><error message="Step [el usuario esta en la pagina principal de Monky] is defined with 1 parameters at 'co.com.sofka.stepdefinitions.SeleccionProductosStepDefinition.el_usuario_esta_en_la_pagina_principal_de_Monky(java.lang.String)'.&#10;However, the gherkin step has 0 arguments.&#10;Step text: el usuario esta en la pagina principal de Monky" type="io.cucumber.core.exception.CucumberException">Step [el usuario esta en la pagina principal de Monky] is defined with 1 parameters at 'co.com.sofka.stepdefinitions.SeleccionProductosStepDefinition.el_usuario_esta_en_la_pagina_principal_de_Monky(java.lang.String)'.
However, the gherkin step has 0 arguments.
Step text: el usuario esta en la pagina principal de Monky</error><system-err>Step [el usuario esta en la pagina principal de Monky] is defined with 1 parameters at 'co.com.sofka.stepdefinitions.SeleccionProductosStepDefinition.el_usuario_esta_en_la_pagina_principal_de_Monky(java.lang.String)'.
However, the gherkin step has 0 arguments.
Step text: el usuario esta en la pagina principal de Monky&#13;
io.cucumber.core.runner.PickleStepDefinitionMatch.arityMismatch(PickleStepDefinitionMatch.java:83)&#13;
io.cucumber.core.runner.PickleStepDefinitionMatch.runStep(PickleStepDefinitionMatch.java:42)&#13;
io.cucumber.core.runner.TestStep.executeStep(TestStep.java:84)&#13;
io.cucumber.core.runner.TestStep.run(TestStep.java:56)&#13;
io.cucumber.core.runner.PickleStepTestStep.run(PickleStepTestStep.java:51)&#13;
io.cucumber.core.runner.TestCase.run(TestCase.java:84)&#13;
io.cucumber.core.runner.Runner.runPickle(Runner.java:75)&#13;
io.cucumber.core.runtime.CucumberExecutionContext.lambda$runTestCase$5(CucumberExecutionContext.java:137)&#13;
io.cucumber.core.runtime.RethrowingThrowableCollector.executeAndThrow(RethrowingThrowableCollector.java:23)&#13;
io.cucumber.core.runtime.CucumberExecutionContext.runTestCase(CucumberExecutionContext.java:137)&#13;
io.cucumber.junit.FeatureRunner.runChild(FeatureRunner.java:144)&#13;
io.cucumber.junit.FeatureRunner.runChild(FeatureRunner.java:28)&#13;
io.cucumber.junit.FeatureRunner.run(FeatureRunner.java:137)&#13;
io.cucumber.junit.CucumberSerenityBaseRunner.runChild(CucumberSerenityBaseRunner.java:332)&#13;
io.cucumber.junit.CucumberSerenityBaseRunner.runChild(CucumberSerenityBaseRunner.java:53)&#13;
worker.org.gradle.process.internal.worker.GradleWorkerMain.run(GradleWorkerMain.java:69)&#13;
worker.org.gradle.process.internal.worker.GradleWorkerMain.main(GradleWorkerMain.java:74)&#13;
</system-err></testcase></testsuite>