<?xml version="1.0" encoding="UTF-8" standalone="no"?><testsuite errors="0" failures="1" name="Sign in" skipped="0" tests="1" time="12.55" timestamp="2024-05-21 11:30:12"><testcase name="Successful sign in"><failure message="&#10;Expected: an element that is visible&#10;     but: no matching element found by [[ChromeDriver: chrome on linux (7f7f358206143491d0133b86131b1ade)] -&gt; css selector: a[data-greeting]]" type="java.lang.AssertionError">
Expected: an element that is visible
     but: no matching element found by [[ChromeDriver: chrome on linux (7f7f358206143491d0133b86131b1ade)] -&gt; css selector: a[data-greeting]]</failure><system-err>
Expected: an element that is visible
     but: no matching element found by [[ChromeDriver: chrome on linux (7f7f358206143491d0133b86131b1ade)] -&gt; css selector: a[data-greeting]]
com.davidbonelo.stepdefinitions.SignInSteps.heShouldSeeThatHeIsLoggedIn(SignInSteps.java:28)
worker.org.gradle.process.internal.worker.GradleWorkerMain.run(GradleWorkerMain.java:69)
worker.org.gradle.process.internal.worker.GradleWorkerMain.main(GradleWorkerMain.java:74)
</system-err></testcase></testsuite>